<?xml version="1.0" encoding="UTF-8"?>
<!-- Generated by org.testng.reporters.JUnitReportReporter -->
<testsuite hostname="Roshuu" failures="0" tests="6" name="rajtesile.homepageTest" time="25.244" errors="0" timestamp="2024-05-14T18:40:51 IST" skipped="0">
  <testcase classname="rajtesile.homepageTest" name="visibility_verticlas" time="3.220"/>
  <testcase classname="rajtesile.homepageTest" name="visbility_technologies" time="3.342"/>
  <testcase classname="rajtesile.homepageTest" name="visibility_aboutus" time="5.870"/>
  <testcase classname="rajtesile.homepageTest" name="visibility_contactus" time="5.087"/>
  <testcase classname="rajtesile.homepageTest" name="visibility_portfolio" time="5.522"/>
  <testcase classname="rajtesile.homepageTest" name="visibility_getfreequotes" time="2.203"/>
</testsuite> <!-- rajtesile.homepageTest -->
