<?xml version="1.0" encoding="UTF-8"?>
<!-- Generated by org.testng.reporters.JUnitReportReporter -->
<testsuite ignored="0" hostname="DESKTOP-1ULGF16" failures="0" tests="4" name="Verticals.Fintech" time="14.304" errors="0" timestamp="15 May 2024 06:01:49 GMT" skipped="0">
  <testcase classname="Verticals.Fintech" name="visibiilityCrypto" time="5.274"/>
  <testcase classname="Verticals.Fintech" name="visibilityVerticals" time="2.290"/>
  <testcase classname="Verticals.Fintech" name="visibilityFintech" time="2.213"/>
  <testcase classname="Verticals.Fintech" name="visibiilityPosSoftwareDevelopment" time="4.527"/>
</testsuite> <!-- Verticals.Fintech -->
