<?xml version="1.0" encoding="UTF-8"?>
<!-- Generated by org.testng.reporters.JUnitReportReporter -->
<testsuite hostname="DESKTOP-34CJV9O" failures="0" tests="2" name="AboutUs.AboutUs_Test" time="4.138" errors="0" timestamp="2024-05-19T01:25:10 IST" skipped="0">
  <testcase classname="AboutUs.AboutUs_Test" name="Access_AboutUs" time="1.919"/>
  <testcase classname="AboutUs.AboutUs_Test" name="IndustriesWeServe" time="2.219"/>
</testsuite> <!-- AboutUs.AboutUs_Test -->
