<?xml version="1.0" encoding="UTF-8"?>
<!-- Generated by org.testng.reporters.JUnitReportReporter -->
<testsuite hostname="DESKTOP-J3JMFSH" failures="0" tests="19" name="Technologies_Module.eCommerceDevelopment" time="151.453" errors="0" timestamp="2024-05-14T23:24:59 IST" skipped="0">
  <testcase classname="Technologies_Module.eCommerceDevelopment" name="Technologiesdropdown" time="2.267"/>
  <testcase classname="Technologies_Module.eCommerceDevelopment" name="eCommercedropdown" time="2.250"/>
  <testcase classname="Technologies_Module.eCommerceDevelopment" name="MagentoDev" time="7.535"/>
  <testcase classname="Technologies_Module.eCommerceDevelopment" name="CodeigniterDev" time="9.159"/>
  <testcase classname="Technologies_Module.eCommerceDevelopment" name="BigCom" time="8.899"/>
  <testcase classname="Technologies_Module.eCommerceDevelopment" name="CSCart" time="9.190"/>
  <testcase classname="Technologies_Module.eCommerceDevelopment" name="NopCom" time="8.747"/>
  <testcase classname="Technologies_Module.eCommerceDevelopment" name="LaravelDev" time="8.866"/>
  <testcase classname="Technologies_Module.eCommerceDevelopment" name="DrupalDev" time="8.940"/>
  <testcase classname="Technologies_Module.eCommerceDevelopment" name="JoomlaDev" time="8.806"/>
  <testcase classname="Technologies_Module.eCommerceDevelopment" name="ExpressJSDev" time="8.650"/>
  <testcase classname="Technologies_Module.eCommerceDevelopment" name="OpencartDev" time="8.449"/>
  <testcase classname="Technologies_Module.eCommerceDevelopment" name="WordPressDev" time="8.489"/>
  <testcase classname="Technologies_Module.eCommerceDevelopment" name="ShopifyDev" time="8.482"/>
  <testcase classname="Technologies_Module.eCommerceDevelopment" name="NodeJSDev" time="8.805"/>
  <testcase classname="Technologies_Module.eCommerceDevelopment" name="WooCom" time="8.309"/>
  <testcase classname="Technologies_Module.eCommerceDevelopment" name="PrestashopDev" time="8.686"/>
  <testcase classname="Technologies_Module.eCommerceDevelopment" name="WixDev" time="8.625"/>
  <testcase classname="Technologies_Module.eCommerceDevelopment" name="ReactJSDev" time="8.299"/>
</testsuite> <!-- Technologies_Module.eCommerceDevelopment -->
