<?xml version="1.0" encoding="UTF-8"?>
<!-- Generated by org.testng.reporters.JUnitReportReporter -->
<testsuite ignored="0" hostname="DESKTOP-1ULGF16" failures="0" tests="4" name="Verticals.RetailAndEcommerce" time="21.211" errors="0" timestamp="15 May 2024 05:27:05 GMT" skipped="0">
  <testcase classname="Verticals.RetailAndEcommerce" name="visibiilityEcommerceAppDevelopment" time="7.027"/>
  <testcase classname="Verticals.RetailAndEcommerce" name="visibilityVerticals" time="2.344"/>
  <testcase classname="Verticals.RetailAndEcommerce" name="visibilityRetailAndEcommerce" time="2.244"/>
  <testcase classname="Verticals.RetailAndEcommerce" name="visibiilityEcommerceWebsiteDevelopment" time="9.596"/>
</testsuite> <!-- Verticals.RetailAndEcommerce -->
