<?xml version="1.0" encoding="UTF-8"?>
<!-- Generated by org.testng.reporters.JUnitReportReporter -->
<testsuite hostname="Adityas-MacBook-Air.local" failures="0" tests="1" name="com.UI.Class2" time="14.731" errors="0" timestamp="2024-06-25T21:44:03 IST" skipped="0">
  <testcase classname="com.UI.Class2" name="icon" time="14.731"/>
</testsuite> <!-- com.UI.Class2 -->
