<?xml version="1.0" encoding="UTF-8"?>
<!-- Generated by org.testng.reporters.JUnitReportReporter -->
<testsuite hostname="DESKTOP-U7UN69B" failures="0" tests="7" name="tranktechnologies.tranktechnologies.Homepage" time="15.481" errors="0" timestamp="2025-06-30T21:07:39 IST" skipped="0">
  <testcase classname="tranktechnologies.tranktechnologies.Homepage" name="homepage" time="4.465"/>
  <testcase classname="tranktechnologies.tranktechnologies.Homepage" name="Exploremore" time="2.722"/>
  <testcase classname="tranktechnologies.tranktechnologies.Homepage" name="Redirect" time="2.641"/>
  <testcase classname="tranktechnologies.tranktechnologies.Homepage" name="Arrrow" time="0.256"/>
  <testcase classname="tranktechnologies.tranktechnologies.Homepage" name="Knowmore" time="1.150"/>
  <testcase classname="tranktechnologies.tranktechnologies.Homepage" name="Redirect2" time="1.160"/>
  <testcase classname="tranktechnologies.tranktechnologies.Homepage" name="GetinTouch" time="3.087"/>
</testsuite> <!-- tranktechnologies.tranktechnologies.Homepage -->
