<?xml version="1.0" encoding="UTF-8"?>
<!-- Generated by org.testng.reporters.JUnitReportReporter -->
<testsuite ignored="0" hostname="DESKTOP-1ULGF16" failures="0" tests="10" name="Verticals.CustomApp" time="52.397" errors="0" timestamp="15 May 2024 06:29:28 GMT" skipped="0">
  <testcase classname="Verticals.CustomApp" name="visibiilityDatingAppDevelopment" time="5.768"/>
  <testcase classname="Verticals.CustomApp" name="visibiilityELearning" time="5.773"/>
  <testcase classname="Verticals.CustomApp" name="visibiilityERPAppDevelopment" time="6.130"/>
  <testcase classname="Verticals.CustomApp" name="visibiilityCRMDevelopment" time="5.544"/>
  <testcase classname="Verticals.CustomApp" name="visibiilityTravel" time="6.657"/>
  <testcase classname="Verticals.CustomApp" name="visibiilityHRMDevelopment" time="5.329"/>
  <testcase classname="Verticals.CustomApp" name="visibilityVerticals" time="2.279"/>
  <testcase classname="Verticals.CustomApp" name="visibiilityRealState" time="5.976"/>
  <testcase classname="Verticals.CustomApp" name="visibilityCustomApp" time="2.206"/>
  <testcase classname="Verticals.CustomApp" name="visibiilityDesktopAppDevelopment" time="6.735"/>
</testsuite> <!-- Verticals.CustomApp -->
