<?xml version="1.0" encoding="UTF-8"?>
<!-- Generated by org.testng.reporters.JUnitReportReporter -->
<testsuite hostname="DESKTOP-OLD52BT" failures="0" tests="7" name="vertical_retail.retailecommerceClass1Test" time="20.869" errors="0" timestamp="2024-06-20T16:49:27 IST" skipped="0">
  <testcase classname="vertical_retail.retailecommerceClass1Test" name="verticals" time="2.495"/>
  <testcase classname="vertical_retail.retailecommerceClass1Test" name="retail" time="2.397"/>
  <testcase classname="vertical_retail.retailecommerceClass1Test" name="ecom" time="4.601"/>
  <testcase classname="vertical_retail.retailecommerceClass1Test" name="text" time="2.127"/>
  <testcase classname="vertical_retail.retailecommerceClass1Test" name="verticals2" time="3.089"/>
  <testcase classname="vertical_retail.retailecommerceClass1Test" name="retail2" time="2.211"/>
  <testcase classname="vertical_retail.retailecommerceClass1Test" name="ecomdev" time="3.949"/>
</testsuite> <!-- vertical_retail.retailecommerceClass1Test -->
