<?xml version="1.0" encoding="UTF-8"?>
<!-- Generated by org.testng.reporters.JUnitReportReporter -->
<testsuite hostname="LAPTOP-56V3R5SG" failures="0" tests="1" name="GlobalLogic.AboutUs" time="1.941" errors="0" timestamp="2024-12-10T16:03:37 IST" skipped="0">
  <testcase classname="GlobalLogic.AboutUs" name="navigate" time="1.941"/>
</testsuite> <!-- GlobalLogic.AboutUs -->
