<?xml version="1.0" encoding="UTF-8"?>
<!-- Generated by org.testng.reporters.JUnitReportReporter -->
<testsuite hostname="Adityas-MacBook-Air.local" failures="0" tests="1" name="com.UI.BaseClass" time="0.015" errors="0" timestamp="2024-06-15T14:31:07 IST" skipped="0">
  <testcase classname="com.UI.BaseClass" name="google" time="0.015"/>
</testsuite> <!-- com.UI.BaseClass -->
