<?xml version="1.0" encoding="UTF-8"?>
<!-- Generated by org.testng.reporters.JUnitReportReporter -->
<testsuite hostname="LAPTOP-56V3R5SG" failures="0" tests="2" name="TrankTechnologies.AboutUs" time="5.664" errors="0" timestamp="2024-12-10T19:33:36 IST" skipped="0">
  <testcase classname="TrankTechnologies.AboutUs" name="Access_AboutUs" time="3.172"/>
  <testcase classname="TrankTechnologies.AboutUs" name="IndustriesWeServe" time="2.492"/>
</testsuite> <!-- TrankTechnologies.AboutUs -->
