<?xml version="1.0" encoding="UTF-8"?>
<!-- Generated by org.testng.reporters.JUnitReportReporter -->
<testsuite ignored="0" hostname="DESKTOP-1ULGF16" failures="0" tests="9" name="Verticals.Trading" time="40.952" errors="0" timestamp="15 May 2024 05:14:57 GMT" skipped="0">
  <testcase classname="Verticals.Trading" name="visibiilityTradingAppDevelopmentInMassachusetts" time="5.692"/>
  <testcase classname="Verticals.Trading" name="visibiilityWebPortalTrading" time="4.736"/>
  <testcase classname="Verticals.Trading" name="visibiilityCustomTrading" time="4.770"/>
  <testcase classname="Verticals.Trading" name="visibiilityAlgoTrading" time="5.988"/>
  <testcase classname="Verticals.Trading" name="visibiilityCFDTrading" time="4.947"/>
  <testcase classname="Verticals.Trading" name="visibiilityPaperTrading" time="5.152"/>
  <testcase classname="Verticals.Trading" name="visibilityVerticals" time="2.281"/>
  <testcase classname="Verticals.Trading" name="visibilityTrading" time="2.291"/>
  <testcase classname="Verticals.Trading" name="visibiilityStockTrading" time="5.095"/>
</testsuite> <!-- Verticals.Trading -->
