<?xml version="1.0" encoding="UTF-8"?>
<!-- Generated by org.testng.reporters.JUnitReportReporter -->
<testsuite hostname="DESKTOP-M1QI0QO" failures="0" tests="1" name="Test.TestTech" time="18.400" errors="0" timestamp="2025-07-08T22:26:18 IST" skipped="0">
  <testcase classname="Test.TestTech" name="Testrun" time="18.400"/>
</testsuite> <!-- Test.TestTech -->
