<?xml version="1.0" encoding="UTF-8"?>
<!-- Generated by org.testng.reporters.JUnitReportReporter -->
<testsuite hostname="DESKTOP-U7UN69B" failures="0" tests="5" name="tranktechnologies.tranktechnologies.Vertical" time="33.724" errors="0" timestamp="2025-06-30T20:58:18 IST" skipped="0">
  <testcase classname="tranktechnologies.tranktechnologies.Vertical" name="Trading" time="8.614"/>
  <testcase classname="tranktechnologies.tranktechnologies.Vertical" name="retailECommerce" time="6.899"/>
  <testcase classname="tranktechnologies.tranktechnologies.Vertical" name="Healthcare" time="6.262"/>
  <testcase classname="tranktechnologies.tranktechnologies.Vertical" name="Fintech" time="4.624"/>
  <testcase classname="tranktechnologies.tranktechnologies.Vertical" name="CustomeApp" time="7.325"/>
</testsuite> <!-- tranktechnologies.tranktechnologies.Vertical -->
