<?xml version="1.0" encoding="UTF-8"?>
<!-- Generated by org.testng.reporters.JUnitReportReporter -->
<testsuite hostname="DESKTOP-34CJV9O" failures="0" tests="3" name="Technologies.eCommerceDevelopment_Test" time="6.359" errors="0" timestamp="2024-05-19T22:35:42 IST" skipped="1">
  <testcase classname="Technologies.eCommerceDevelopment_Test" name="Access_Technologies" time="0.299"/>
  <testcase classname="Technologies.eCommerceDevelopment_Test" name="eCommerceDevelopment" time="6.060"/>
  <testcase classname="Technologies.eCommerceDevelopment_Test" name="eCD_Modules">
    <skipped/>
  </testcase> <!-- eCD_Modules -->
</testsuite> <!-- Technologies.eCommerceDevelopment_Test -->
