<?xml version="1.0" encoding="UTF-8"?>
<!-- Generated by org.testng.reporters.JUnitReportReporter -->
<testsuite hostname="LAPTOP-56V3R5SG" failures="0" tests="13" name="GlobalLogic.Homepage" time="24.343" errors="0" timestamp="2024-12-09T08:45:41 IST" skipped="0">
  <testcase classname="GlobalLogic.Homepage" name="TopNavAbout" time="2.839"/>
  <testcase classname="GlobalLogic.Homepage" name="TopNavService" time="3.054"/>
  <testcase classname="GlobalLogic.Homepage" name="TopNavCareers" time="2.888"/>
  <testcase classname="GlobalLogic.Homepage" name="TopNavContact" time="3.485"/>
  <testcase classname="GlobalLogic.Homepage" name="FaceBookIcon" time="0.049"/>
  <testcase classname="GlobalLogic.Homepage" name="TwitterIcon" time="0.034"/>
  <testcase classname="GlobalLogic.Homepage" name="SearchIcon" time="2.437"/>
  <testcase classname="GlobalLogic.Homepage" name="Banner" time="5.275"/>
  <testcase classname="GlobalLogic.Homepage" name="Blog" time="0.154"/>
  <testcase classname="GlobalLogic.Homepage" name="QuickOverView" time="0.333"/>
  <testcase classname="GlobalLogic.Homepage" name="OtherSayAboutUs" time="0.203"/>
  <testcase classname="GlobalLogic.Homepage" name="SpecialHeading" time="3.132"/>
  <testcase classname="GlobalLogic.Homepage" name="Footer" time="0.460"/>
</testsuite> <!-- GlobalLogic.Homepage -->
