<?xml version="1.0" encoding="UTF-8"?>
<!-- Generated by org.testng.reporters.JUnitReportReporter -->
<testsuite hostname="LAPTOP-HHU2O0AM" failures="0" tests="6" name="tranktechnologiesproject.class1Test" time="30.833" errors="0" timestamp="2024-06-27T20:53:11 IST" skipped="0">
  <testcase classname="tranktechnologiesproject.class1Test" name="login" time="3.126"/>
  <testcase classname="tranktechnologiesproject.class1Test" name="click" time="6.145"/>
  <testcase classname="tranktechnologiesproject.class1Test" name="sauce" time="1.604"/>
  <testcase classname="tranktechnologiesproject.class1Test" name="order" time="7.651"/>
  <testcase classname="tranktechnologiesproject.class1Test" name="down" time="3.136"/>
  <testcase classname="tranktechnologiesproject.class1Test" name="about" time="9.171"/>
</testsuite> <!-- tranktechnologiesproject.class1Test -->
