<?xml version="1.0" encoding="UTF-8"?>
<!-- Generated by org.testng.reporters.JUnitReportReporter -->
<testsuite hostname="KSHITIJ-NAG" failures="0" tests="8" name="tranktech.tranktech_blog" time="33.016" errors="0" timestamp="2024-12-03T11:34:59 IST" skipped="0">
  <testcase classname="tranktech.tranktech_blog" name="blog" time="7.676"/>
  <testcase classname="tranktech.tranktech_blog" name="app_dev" time="4.302"/>
  <testcase classname="tranktech.tranktech_blog" name="web_dev" time="2.185"/>
  <testcase classname="tranktech.tranktech_blog" name="software_dev" time="4.347"/>
  <testcase classname="tranktech.tranktech_blog" name="digital_marketing" time="4.125"/>
  <testcase classname="tranktech.tranktech_blog" name="email_marketing" time="3.166"/>
  <testcase classname="tranktech.tranktech_blog" name="Ai" time="3.417"/>
  <testcase classname="tranktech.tranktech_blog" name="ui_ux_design" time="3.798"/>
</testsuite> <!-- tranktech.tranktech_blog -->
