<?xml version="1.0" encoding="UTF-8"?>
<!-- Generated by org.testng.reporters.JUnitReportReporter -->
<testsuite hostname="KSHITIJ-NAG" failures="0" tests="9" name="tranktech.tranktech_contact_us" time="8.680" errors="0" timestamp="2024-12-03T11:48:14 IST" skipped="0">
  <testcase classname="tranktech.tranktech_contact_us" name="contact" time="2.969"/>
  <testcase classname="tranktech.tranktech_contact_us" name="name" time="0.422"/>
  <testcase classname="tranktech.tranktech_contact_us" name="mail" time="0.516"/>
  <testcase classname="tranktech.tranktech_contact_us" name="Your_Company" time="0.340"/>
  <testcase classname="tranktech.tranktech_contact_us" name="select_ser" time="0.843"/>
  <testcase classname="tranktech.tranktech_contact_us" name="web_dev" time="0.148"/>
  <testcase classname="tranktech.tranktech_contact_us" name="your_phone" time="0.376"/>
  <testcase classname="tranktech.tranktech_contact_us" name="message" time="0.374"/>
  <testcase classname="tranktech.tranktech_contact_us" name="submit" time="2.692"/>
</testsuite> <!-- tranktech.tranktech_contact_us -->
