<?xml version="1.0" encoding="UTF-8"?>
<!-- Generated by org.testng.reporters.JUnitReportReporter -->
<testsuite hostname="DESKTOP-34CJV9O" failures="0" tests="2" name="Technologies.ArtificialIntelligence_Test" time="4.376" errors="0" timestamp="2024-05-19T16:48:10 IST" skipped="0">
  <testcase classname="Technologies.ArtificialIntelligence_Test" name="ArtificialIntelligence" time="4.038"/>
  <testcase classname="Technologies.ArtificialIntelligence_Test" name="Access_Technologies" time="0.338"/>
</testsuite> <!-- Technologies.ArtificialIntelligence_Test -->
