<?xml version="1.0" encoding="UTF-8"?>
<!-- Generated by org.testng.reporters.JUnitReportReporter -->
<testsuite hostname="Shivani" failures="0" tests="6" name="Trank_Technologies.About_us$Verticals" time="38.707" errors="0" timestamp="2024-12-02T11:26:14 IST" skipped="0">
  <testcase classname="Trank_Technologies.About_us$Verticals" name="about" time="1.141"/>
  <testcase classname="Trank_Technologies.About_us$Verticals" name="we_serve" time="0.101"/>
  <testcase classname="Trank_Technologies.About_us$Verticals" name="web_development" time="10.538"/>
  <testcase classname="Trank_Technologies.About_us$Verticals" name="UI" time="10.371"/>
  <testcase classname="Trank_Technologies.About_us$Verticals" name="app" time="8.857"/>
  <testcase classname="Trank_Technologies.About_us$Verticals" name="graphic" time="7.699"/>
</testsuite> <!-- Trank_Technologies.About_us$Verticals -->
