<?xml version="1.0" encoding="UTF-8"?>
<!-- Generated by org.testng.reporters.JUnitReportReporter -->
<testsuite hostname="Adityas-MacBook-Air.local" failures="0" tests="2" name="com.UI.Class1" time="3.324" errors="0" timestamp="2024-06-25T15:24:23 IST" skipped="0">
  <testcase classname="com.UI.Class1" name="after" time="0.123"/>
  <testcase classname="com.UI.Class1" name="Dropdown" time="3.201"/>
</testsuite> <!-- com.UI.Class1 -->
