<?xml version="1.0" encoding="UTF-8"?>
<!-- Generated by org.testng.reporters.JUnitReportReporter -->
<testsuite hostname="DESKTOP-34CJV9O" failures="0" tests="2" name="GetAFreeQuote.GetAFreeQuote_Test" time="10.633" errors="0" timestamp="2024-05-19T01:41:26 IST" skipped="0">
  <testcase classname="GetAFreeQuote.GetAFreeQuote_Test" name="Access_GetAFreeQuote" time="0.373"/>
  <testcase classname="GetAFreeQuote.GetAFreeQuote_Test" name="GetInTouch" time="10.260"/>
</testsuite> <!-- GetAFreeQuote.GetAFreeQuote_Test -->
