<?xml version="1.0" encoding="UTF-8"?>
<!-- Generated by org.testng.reporters.JUnitReportReporter -->
<testsuite hostname="DESKTOP-34CJV9O" failures="0" tests="9" name="Blog.Blog_Test" time="32.163" errors="0" timestamp="2024-05-18T22:30:56 IST" skipped="0">
  <testcase classname="Blog.Blog_Test" name="Access_Blog" time="3.283"/>
  <testcase classname="Blog.Blog_Test" name="AppDevelopment" time="5.080"/>
  <testcase classname="Blog.Blog_Test" name="WebDevelopment" time="4.687"/>
  <testcase classname="Blog.Blog_Test" name="SoftwareDevelopment" time="5.340"/>
  <testcase classname="Blog.Blog_Test" name="DigitalMarketing" time="3.331"/>
  <testcase classname="Blog.Blog_Test" name="EmailMarketing" time="2.681"/>
  <testcase classname="Blog.Blog_Test" name="ArtificialIntelligence" time="2.796"/>
  <testcase classname="Blog.Blog_Test" name="UI_UXDesign" time="2.421"/>
  <testcase classname="Blog.Blog_Test" name="Search" time="2.544"/>
</testsuite> <!-- Blog.Blog_Test -->
