<?xml version="1.0" encoding="UTF-8"?>
<!-- Generated by org.testng.reporters.JUnitReportReporter -->
<testsuite hostname="DESKTOP-05H3F93" failures="0" tests="2" name="TrankTechnologies.FineTech" time="24.156" errors="0" timestamp="2024-06-24T12:44:15 IST" skipped="0">
  <testcase classname="TrankTechnologies.FineTech" name="vertical" time="3.364"/>
  <testcase classname="TrankTechnologies.FineTech" name="PosSoft" time="20.792"/>
</testsuite> <!-- TrankTechnologies.FineTech -->
