<?xml version="1.0" encoding="UTF-8"?>
<!-- Generated by org.testng.reporters.JUnitReportReporter -->
<testsuite hostname="DESKTOP-U7UN69B" failures="0" tests="3" name="tranktechnologies.tranktechnologies.Technology" time="12.548" errors="0" timestamp="2025-06-30T20:59:18 IST" skipped="0">
  <testcase classname="tranktechnologies.tranktechnologies.Technology" name="Ecommer" time="6.846"/>
  <testcase classname="tranktechnologies.tranktechnologies.Technology" name="Mobile" time="2.493"/>
  <testcase classname="tranktechnologies.tranktechnologies.Technology" name="AI" time="3.209"/>
</testsuite> <!-- tranktechnologies.tranktechnologies.Technology -->
