<?xml version="1.0" encoding="UTF-8"?>
<!-- Generated by org.testng.reporters.JUnitReportReporter -->
<testsuite hostname="Adityas-MacBook-Air.local" failures="0" tests="1" name="com.UI.TC_Header" time="5.635" errors="0" timestamp="2024-06-23T19:45:50 IST" skipped="0">
  <testcase classname="com.UI.TC_Header" name="Dropdown" time="5.635"/>
</testsuite> <!-- com.UI.TC_Header -->
