<?xml version="1.0" encoding="UTF-8"?>
<!-- Generated by org.testng.reporters.JUnitReportReporter -->
<testsuite hostname="Hpwindows" failures="0" tests="2" name="Verticals_healthcare.HealthcareTest" time="21.933" errors="0" timestamp="2024-06-23T20:29:14 IST" skipped="0">
  <testcase classname="Verticals_healthcare.HealthcareTest" name="vertical" time="20.504"/>
  <testcase classname="Verticals_healthcare.HealthcareTest" name="verticalback" time="1.429"/>
</testsuite> <!-- Verticals_healthcare.HealthcareTest -->
