<?xml version="1.0" encoding="UTF-8"?>
<!-- Generated by org.testng.reporters.JUnitReportReporter -->
<testsuite hostname="DESKTOP-J3JMFSH" failures="0" tests="1" name="Technologies_Module.ArtificialIntelligence" time="6.196" errors="0" timestamp="2024-05-15T23:03:21 IST" skipped="0">
  <testcase classname="Technologies_Module.ArtificialIntelligence" name="AI" time="6.196"/>
</testsuite> <!-- Technologies_Module.ArtificialIntelligence -->
