<?xml version="1.0" encoding="UTF-8"?>
<!-- Generated by org.testng.reporters.JUnitReportReporter -->
<testsuite hostname="KSHITIJ-NAG" failures="0" tests="1" name="tranktech.tranktech_about_us" time="2.265" errors="0" timestamp="2024-12-03T11:31:24 IST" skipped="0">
  <testcase classname="tranktech.tranktech_about_us" name="about" time="2.265"/>
</testsuite> <!-- tranktech.tranktech_about_us -->
