<?xml version="1.0" encoding="UTF-8"?>
<!-- Generated by org.testng.reporters.JUnitReportReporter -->
<testsuite hostname="vivek" failures="0" tests="9" name="Selenium.GetafreequoteTest" time="43.674" errors="0" timestamp="15 May 2024 05:26:03 GMT" skipped="0">
  <testcase classname="Selenium.GetafreequoteTest" name="getafreequotes" time="4.092"/>
  <testcase classname="Selenium.GetafreequoteTest" name="name" time="4.220"/>
  <testcase classname="Selenium.GetafreequoteTest" name="mailfield" time="3.516"/>
  <testcase classname="Selenium.GetafreequoteTest" name="companyfield" time="4.135"/>
  <testcase classname="Selenium.GetafreequoteTest" name="servicedropdown" time="4.510"/>
  <testcase classname="Selenium.GetafreequoteTest" name="phonefield" time="3.326"/>
  <testcase classname="Selenium.GetafreequoteTest" name="messagetextarea" time="3.862"/>
  <testcase classname="Selenium.GetafreequoteTest" name="robotcheckbox" time="5.013"/>
  <testcase classname="Selenium.GetafreequoteTest" name="submitbutton" time="11.000"/>
</testsuite> <!-- Selenium.GetafreequoteTest -->
