<?xml version="1.0" encoding="UTF-8"?>
<!-- Generated by org.testng.reporters.JUnitReportReporter -->
<testsuite hostname="Shivani" failures="0" tests="23" name="Trank_Technologies.Verticals" time="42.453" errors="0" timestamp="2024-12-02T11:15:43 IST" skipped="0">
  <testcase classname="Trank_Technologies.Verticals" name="verticals" time="0.180"/>
  <testcase classname="Trank_Technologies.Verticals" name="stock" time="4.695"/>
  <testcase classname="Trank_Technologies.Verticals" name="paper" time="0.858"/>
  <testcase classname="Trank_Technologies.Verticals" name="CFD_trading" time="1.157"/>
  <testcase classname="Trank_Technologies.Verticals" name="trading_app_development" time="1.716"/>
  <testcase classname="Trank_Technologies.Verticals" name="algo" time="0.875"/>
  <testcase classname="Trank_Technologies.Verticals" name="Custom" time="1.457"/>
  <testcase classname="Trank_Technologies.Verticals" name="web_portal" time="1.458"/>
  <testcase classname="Trank_Technologies.Verticals" name="retail" time="2.208"/>
  <testcase classname="Trank_Technologies.Verticals" name="ecomm_app_deve" time="1.994"/>
  <testcase classname="Trank_Technologies.Verticals" name="healthcare" time="1.367"/>
  <testcase classname="Trank_Technologies.Verticals" name="health_tracking" time="1.157"/>
  <testcase classname="Trank_Technologies.Verticals" name="fintech" time="1.002"/>
  <testcase classname="Trank_Technologies.Verticals" name="fintech_crypto" time="1.319"/>
  <testcase classname="Trank_Technologies.Verticals" name="custom_desktop" time="1.377"/>
  <testcase classname="Trank_Technologies.Verticals" name="cus_hrm" time="1.014"/>
  <testcase classname="Trank_Technologies.Verticals" name="cus_travel" time="7.517"/>
  <testcase classname="Trank_Technologies.Verticals" name="cus_dating" time="1.517"/>
  <testcase classname="Trank_Technologies.Verticals" name="cus_crm" time="1.265"/>
  <testcase classname="Trank_Technologies.Verticals" name="cus_crm_development" time="1.252"/>
  <testcase classname="Trank_Technologies.Verticals" name="cus_erp" time="1.196"/>
  <testcase classname="Trank_Technologies.Verticals" name="cus_elearning" time="1.669"/>
  <testcase classname="Trank_Technologies.Verticals" name="real_estate" time="4.203"/>
</testsuite> <!-- Trank_Technologies.Verticals -->
