<?xml version="1.0" encoding="UTF-8"?>
<!-- Generated by org.testng.reporters.JUnitReportReporter -->
<testsuite hostname="KSHITIJ-NAG" failures="0" tests="1" name="tranktech.tranktech_port" time="3.834" errors="0" timestamp="2024-12-04T10:49:50 IST" skipped="0">
  <testcase classname="tranktech.tranktech_port" name="portfolio" time="3.834"/>
</testsuite> <!-- tranktech.tranktech_port -->
