<?xml version="1.0" encoding="UTF-8"?>
<!-- Generated by org.testng.reporters.JUnitReportReporter -->
<testsuite hostname="DESKTOP-34CJV9O" failures="0" tests="2" name="Portfolio.Portfolio_Test" time="168.424" errors="0" timestamp="2024-05-19T01:15:45 IST" skipped="0">
  <testcase classname="Portfolio.Portfolio_Test" name="Access_Portfolio" time="3.347"/>
  <testcase classname="Portfolio.Portfolio_Test" name="OurProjects" time="165.077"/>
</testsuite> <!-- Portfolio.Portfolio_Test -->
