<?xml version="1.0" encoding="UTF-8"?>
<!-- Generated by org.testng.reporters.JUnitReportReporter -->
<testsuite ignored="0" hostname="DESKTOP-1ULGF16" failures="0" tests="4" name="Verticals.Healthcare" time="20.809" errors="0" timestamp="15 May 2024 05:35:32 GMT" skipped="0">
  <testcase classname="Verticals.Healthcare" name="visibiilityHealthTrackingApp" time="6.163"/>
  <testcase classname="Verticals.Healthcare" name="visibilityVerticals" time="2.373"/>
  <testcase classname="Verticals.Healthcare" name="visibilityHealthcare" time="2.271"/>
  <testcase classname="Verticals.Healthcare" name="visibiilityDietAndNutitions" time="10.002"/>
</testsuite> <!-- Verticals.Healthcare -->
